# JRE version: OpenJDK Runtime Environment (8.0_202-b03) (build 1.8.0_202-release-1483-b03)
# Java VM: OpenJDK 64-Bit Server VM (25.202-b03 mixed mode windows-amd64 compressed oops)
Heap:
 PSYoungGen      total 139264K, used 30498K [0x00000000e0000000, 0x00000000e9b00000, 0x0000000100000000)
  eden space 125952K, 13% used [0x00000000e0000000,0x00000000e10c8848,0x00000000e7b00000)
  from space 13312K, 100% used [0x00000000e8d80000,0x00000000e9a80000,0x00000000e9a80000)
  to   space 16384K, 0% used [0x00000000e7b00000,0x00000000e7b00000,0x00000000e8b00000)
 ParOldGen       total 87552K, used 43171K [0x00000000a0000000, 0x00000000a5580000, 0x00000000e0000000)
  object space 87552K, 49% used [0x00000000a0000000,0x00000000a2a28c28,0x00000000a5580000)
 Metaspace       used 60923K, capacity 63948K, committed 64020K, reserved 1103872K
  class space    used 8306K, capacity 9249K, committed 9276K, reserved 1048576K
GC Heap History (10 events):
Event: 36.096 GC heap before
{Heap before GC invocations=17 (full 2):
 PSYoungGen      total 88576K, used 88551K [0x00000000e0000000, 0x00000000e6080000, 0x0000000100000000)
  eden space 81920K, 100% used [0x00000000e0000000,0x00000000e5000000,0x00000000e5000000)
  from space 6656K, 99% used [0x00000000e5800000,0x00000000e5e79f30,0x00000000e5e80000)
  to   space 8192K, 0% used [0x00000000e5000000,0x00000000e5000000,0x00000000e5800000)
 ParOldGen       total 50688K, used 19961K [0x00000000a0000000, 0x00000000a3180000, 0x00000000e0000000)
  object space 50688K, 39% used [0x00000000a0000000,0x00000000a137e728,0x00000000a3180000)
 Metaspace       used 44438K, capacity 45476K, committed 45656K, reserved 1089536K
  class space    used 6052K, capacity 6418K, committed 6528K, reserved 1048576K
Event: 36.139 GC heap after
Heap after GC invocations=17 (full 2):
 PSYoungGen      total 90112K, used 8184K [0x00000000e0000000, 0x00000000e7f00000, 0x0000000100000000)
  eden space 81920K, 0% used [0x00000000e0000000,0x00000000e0000000,0x00000000e5000000)
  from space 8192K, 99% used [0x00000000e5000000,0x00000000e57fe0d8,0x00000000e5800000)
  to   space 11264K, 0% used [0x00000000e7400000,0x00000000e7400000,0x00000000e7f00000)
 ParOldGen       total 50688K, used 25896K [0x00000000a0000000, 0x00000000a3180000, 0x00000000e0000000)
  object space 50688K, 51% used [0x00000000a0000000,0x00000000a194a3d8,0x00000000a3180000)
 Metaspace       used 44438K, capacity 45476K, committed 45656K, reserved 1089536K
  class space    used 6052K, capacity 6418K, committed 6528K, reserved 1048576K
}
Event: 41.705 GC heap before
{Heap before GC invocations=18 (full 2):
 PSYoungGen      total 90112K, used 90104K [0x00000000e0000000, 0x00000000e7f00000, 0x0000000100000000)
  eden space 81920K, 100% used [0x00000000e0000000,0x00000000e5000000,0x00000000e5000000)
  from space 8192K, 99% used [0x00000000e5000000,0x00000000e57fe0d8,0x00000000e5800000)
  to   space 11264K, 0% used [0x00000000e7400000,0x00000000e7400000,0x00000000e7f00000)
 ParOldGen       total 50688K, used 25896K [0x00000000a0000000, 0x00000000a3180000, 0x00000000e0000000)
  object space 50688K, 51% used [0x00000000a0000000,0x00000000a194a3d8,0x00000000a3180000)
 Metaspace       used 53038K, capacity 54424K, committed 54744K, reserved 1095680K
  class space    used 7173K, capacity 7586K, committed 7680K, reserved 1048576K
Event: 42.076 GC heap after
Heap after GC invocations=18 (full 2):
 PSYoungGen      total 118272K, used 8826K [0x00000000e0000000, 0x00000000e8400000, 0x0000000100000000)
  eden space 107008K, 0% used [0x00000000e0000000,0x00000000e0000000,0x00000000e6880000)
  from space 11264K, 78% used [0x00000000e7400000,0x00000000e7c9e988,0x00000000e7f00000)
  to   space 11776K, 0% used [0x00000000e6880000,0x00000000e6880000,0x00000000e7400000)
 ParOldGen       total 50688K, used 33093K [0x00000000a0000000, 0x00000000a3180000, 0x00000000e0000000)
  object space 50688K, 65% used [0x00000000a0000000,0x00000000a20516c0,0x00000000a3180000)
 Metaspace       used 53038K, capacity 54424K, committed 54744K, reserved 1095680K
  class space    used 7173K, capacity 7586K, committed 7680K, reserved 1048576K
}
Event: 48.267 GC heap before
{Heap before GC invocations=19 (full 2):
 PSYoungGen      total 118272K, used 113306K [0x00000000e0000000, 0x00000000e8400000, 0x0000000100000000)
  eden space 107008K, 97% used [0x00000000e0000000,0x00000000e6608018,0x00000000e6880000)
  from space 11264K, 78% used [0x00000000e7400000,0x00000000e7c9e988,0x00000000e7f00000)
  to   space 11776K, 0% used [0x00000000e6880000,0x00000000e6880000,0x00000000e7400000)
 ParOldGen       total 50688K, used 33093K [0x00000000a0000000, 0x00000000a3180000, 0x00000000e0000000)
  object space 50688K, 65% used [0x00000000a0000000,0x00000000a20516c0,0x00000000a3180000)
 Metaspace       used 57281K, capacity 58994K, committed 59028K, reserved 1099776K
  class space    used 7836K, capacity 8348K, committed 8380K, reserved 1048576K
Event: 48.392 GC heap after
Heap after GC invocations=19 (full 2):
 PSYoungGen      total 118784K, used 11195K [0x00000000e0000000, 0x00000000e9a80000, 0x0000000100000000)
  eden space 107008K, 0% used [0x00000000e0000000,0x00000000e0000000,0x00000000e6880000)
  from space 11776K, 95% used [0x00000000e6880000,0x00000000e736ee60,0x00000000e7400000)
  to   space 13312K, 0% used [0x00000000e8d80000,0x00000000e8d80000,0x00000000e9a80000)
 ParOldGen       total 50688K, used 36426K [0x00000000a0000000, 0x00000000a3180000, 0x00000000e0000000)
  object space 50688K, 71% used [0x00000000a0000000,0x00000000a2392bb0,0x00000000a3180000)
 Metaspace       used 57281K, capacity 58994K, committed 59028K, reserved 1099776K
  class space    used 7836K, capacity 8348K, committed 8380K, reserved 1048576K
}
Event: 48.392 GC heap before
{Heap before GC invocations=20 (full 3):
 PSYoungGen      total 118784K, used 11195K [0x00000000e0000000, 0x00000000e9a80000, 0x0000000100000000)
  eden space 107008K, 0% used [0x00000000e0000000,0x00000000e0000000,0x00000000e6880000)
  from space 11776K, 95% used [0x00000000e6880000,0x00000000e736ee60,0x00000000e7400000)
  to   space 13312K, 0% used [0x00000000e8d80000,0x00000000e8d80000,0x00000000e9a80000)
 ParOldGen       total 50688K, used 36426K [0x00000000a0000000, 0x00000000a3180000, 0x00000000e0000000)
  object space 50688K, 71% used [0x00000000a0000000,0x00000000a2392bb0,0x00000000a3180000)
 Metaspace       used 57281K, capacity 58994K, committed 59028K, reserved 1099776K
  class space    used 7836K, capacity 8348K, committed 8380K, reserved 1048576K
Event: 50.265 GC heap after
Heap after GC invocations=20 (full 3):
 PSYoungGen      total 118784K, used 0K [0x00000000e0000000, 0x00000000e9a80000, 0x0000000100000000)
  eden space 107008K, 0% used [0x00000000e0000000,0x00000000e0000000,0x00000000e6880000)
  from space 11776K, 0% used [0x00000000e6880000,0x00000000e6880000,0x00000000e7400000)
  to   space 13312K, 0% used [0x00000000e8d80000,0x00000000e8d80000,0x00000000e9a80000)
 ParOldGen       total 87552K, used 39861K [0x00000000a0000000, 0x00000000a5580000, 0x00000000e0000000)
  object space 87552K, 45% used [0x00000000a0000000,0x00000000a26ed648,0x00000000a5580000)
 Metaspace       used 57281K, capacity 58994K, committed 59028K, reserved 1099776K
  class space    used 7836K, capacity 8348K, committed 8380K, reserved 1048576K
}
Event: 61.894 GC heap before
{Heap before GC invocations=21 (full 3):
 PSYoungGen      total 118784K, used 107008K [0x00000000e0000000, 0x00000000e9a80000, 0x0000000100000000)
  eden space 107008K, 100% used [0x00000000e0000000,0x00000000e6880000,0x00000000e6880000)
  from space 11776K, 0% used [0x00000000e6880000,0x00000000e6880000,0x00000000e7400000)
  to   space 13312K, 0% used [0x00000000e8d80000,0x00000000e8d80000,0x00000000e9a80000)
 ParOldGen       total 87552K, used 39861K [0x00000000a0000000, 0x00000000a5580000, 0x00000000e0000000)
  object space 87552K, 45% used [0x00000000a0000000,0x00000000a26ed648,0x00000000a5580000)
 Metaspace       used 59375K, capacity 62346K, committed 62612K, reserved 1103872K
  class space    used 8125K, capacity 9042K, committed 9148K, reserved 1048576K
Event: 62.396 GC heap after
Heap after GC invocations=21 (full 3):
 PSYoungGen      total 139264K, used 13312K [0x00000000e0000000, 0x00000000e9b00000, 0x0000000100000000)
  eden space 125952K, 0% used [0x00000000e0000000,0x00000000e0000000,0x00000000e7b00000)
  from space 13312K, 100% used [0x00000000e8d80000,0x00000000e9a80000,0x00000000e9a80000)
  to   space 16384K, 0% used [0x00000000e7b00000,0x00000000e7b00000,0x00000000e8b00000)
 ParOldGen       total 87552K, used 43171K [0x00000000a0000000, 0x00000000a5580000, 0x00000000e0000000)
  object space 87552K, 49% used [0x00000000a0000000,0x00000000a2a28c28,0x00000000a5580000)
 Metaspace       used 59375K, capacity 62346K, committed 62612K, reserved 1103872K
  class space    used 8125K, capacity 9042K, committed 9148K, reserved 1048576K
}

