# JRE version: OpenJDK Runtime Environment (8.0_202-b03) (build 1.8.0_202-release-1483-b03)
# Java VM: OpenJDK 64-Bit Server VM (25.202-b03 mixed mode windows-amd64 compressed oops)
Heap:
 PSYoungGen      total 159744K, used 81083K [0x00000000e0000000, 0x00000000eb900000, 0x0000000100000000)
  eden space 140288K, 43% used [0x00000000e0000000,0x00000000e3c33ed8,0x00000000e8900000)
  from space 19456K, 99% used [0x00000000e9f80000,0x00000000eb27adb0,0x00000000eb280000)
  to   space 23040K, 0% used [0x00000000e8900000,0x00000000e8900000,0x00000000e9f80000)
 ParOldGen       total 117760K, used 41412K [0x00000000a0000000, 0x00000000a7300000, 0x00000000e0000000)
  object space 117760K, 35% used [0x00000000a0000000,0x00000000a28712d8,0x00000000a7300000)
 Metaspace       used 66184K, capacity 69132K, committed 69336K, reserved 1110016K
  class space    used 8843K, capacity 9720K, committed 9728K, reserved 1048576K
GC Heap History (10 events):
Event: 20.189 GC heap before
{Heap before GC invocations=13 (full 2):
 PSYoungGen      total 109568K, used 107008K [0x00000000e0000000, 0x00000000e8300000, 0x0000000100000000)
  eden space 107008K, 100% used [0x00000000e0000000,0x00000000e6880000,0x00000000e6880000)
  from space 2560K, 0% used [0x00000000e8080000,0x00000000e8080000,0x00000000e8300000)
  to   space 12288K, 0% used [0x00000000e6b00000,0x00000000e6b00000,0x00000000e7700000)
 ParOldGen       total 69120K, used 17175K [0x00000000a0000000, 0x00000000a4380000, 0x00000000e0000000)
  object space 69120K, 24% used [0x00000000a0000000,0x00000000a10c5c60,0x00000000a4380000)
 Metaspace       used 42369K, capacity 43222K, committed 43480K, reserved 1087488K
  class space    used 5734K, capacity 6058K, committed 6144K, reserved 1048576K
Event: 20.220 GC heap after
Heap after GC invocations=13 (full 2):
 PSYoungGen      total 121856K, used 12265K [0x00000000e0000000, 0x00000000e9780000, 0x0000000100000000)
  eden space 109568K, 0% used [0x00000000e0000000,0x00000000e0000000,0x00000000e6b00000)
  from space 12288K, 99% used [0x00000000e6b00000,0x00000000e76fa4e0,0x00000000e7700000)
  to   space 14848K, 0% used [0x00000000e8900000,0x00000000e8900000,0x00000000e9780000)
 ParOldGen       total 69120K, used 19737K [0x00000000a0000000, 0x00000000a4380000, 0x00000000e0000000)
  object space 69120K, 28% used [0x00000000a0000000,0x00000000a1346690,0x00000000a4380000)
 Metaspace       used 42369K, capacity 43222K, committed 43480K, reserved 1087488K
  class space    used 5734K, capacity 6058K, committed 6144K, reserved 1048576K
}
Event: 24.137 GC heap before
{Heap before GC invocations=14 (full 2):
 PSYoungGen      total 121856K, used 121833K [0x00000000e0000000, 0x00000000e9780000, 0x0000000100000000)
  eden space 109568K, 100% used [0x00000000e0000000,0x00000000e6b00000,0x00000000e6b00000)
  from space 12288K, 99% used [0x00000000e6b00000,0x00000000e76fa4e0,0x00000000e7700000)
  to   space 14848K, 0% used [0x00000000e8900000,0x00000000e8900000,0x00000000e9780000)
 ParOldGen       total 69120K, used 19737K [0x00000000a0000000, 0x00000000a4380000, 0x00000000e0000000)
  object space 69120K, 28% used [0x00000000a0000000,0x00000000a1346690,0x00000000a4380000)
 Metaspace       used 52581K, capacity 53976K, committed 54104K, reserved 1095680K
  class space    used 7114K, capacity 7522K, committed 7552K, reserved 1048576K
Event: 24.186 GC heap after
Heap after GC invocations=14 (full 2):
 PSYoungGen      total 135680K, used 14832K [0x00000000e0000000, 0x00000000ea380000, 0x0000000100000000)
  eden space 120832K, 0% used [0x00000000e0000000,0x00000000e0000000,0x00000000e7600000)
  from space 14848K, 99% used [0x00000000e8900000,0x00000000e977c248,0x00000000e9780000)
  to   space 19456K, 0% used [0x00000000e7600000,0x00000000e7600000,0x00000000e8900000)
 ParOldGen       total 69120K, used 25593K [0x00000000a0000000, 0x00000000a4380000, 0x00000000e0000000)
  object space 69120K, 37% used [0x00000000a0000000,0x00000000a18fe408,0x00000000a4380000)
 Metaspace       used 52581K, capacity 53976K, committed 54104K, reserved 1095680K
  class space    used 7114K, capacity 7522K, committed 7552K, reserved 1048576K
}
Event: 27.258 GC heap before
{Heap before GC invocations=15 (full 2):
 PSYoungGen      total 135680K, used 127730K [0x00000000e0000000, 0x00000000ea380000, 0x0000000100000000)
  eden space 120832K, 93% used [0x00000000e0000000,0x00000000e6e40800,0x00000000e7600000)
  from space 14848K, 99% used [0x00000000e8900000,0x00000000e977c248,0x00000000e9780000)
  to   space 19456K, 0% used [0x00000000e7600000,0x00000000e7600000,0x00000000e8900000)
 ParOldGen       total 69120K, used 25593K [0x00000000a0000000, 0x00000000a4380000, 0x00000000e0000000)
  object space 69120K, 37% used [0x00000000a0000000,0x00000000a18fe408,0x00000000a4380000)
 Metaspace       used 57316K, capacity 58974K, committed 59028K, reserved 1099776K
  class space    used 7845K, capacity 8319K, committed 8320K, reserved 1048576K
Event: 27.325 GC heap after
Heap after GC invocations=15 (full 2):
 PSYoungGen      total 140288K, used 12164K [0x00000000e0000000, 0x00000000eb280000, 0x0000000100000000)
  eden space 120832K, 0% used [0x00000000e0000000,0x00000000e0000000,0x00000000e7600000)
  from space 19456K, 62% used [0x00000000e7600000,0x00000000e81e12f8,0x00000000e8900000)
  to   space 19456K, 0% used [0x00000000e9f80000,0x00000000e9f80000,0x00000000eb280000)
 ParOldGen       total 69120K, used 39974K [0x00000000a0000000, 0x00000000a4380000, 0x00000000e0000000)
  object space 69120K, 57% used [0x00000000a0000000,0x00000000a27099a0,0x00000000a4380000)
 Metaspace       used 57316K, capacity 58974K, committed 59028K, reserved 1099776K
  class space    used 7845K, capacity 8319K, committed 8320K, reserved 1048576K
}
Event: 27.325 GC heap before
{Heap before GC invocations=16 (full 3):
 PSYoungGen      total 140288K, used 12164K [0x00000000e0000000, 0x00000000eb280000, 0x0000000100000000)
  eden space 120832K, 0% used [0x00000000e0000000,0x00000000e0000000,0x00000000e7600000)
  from space 19456K, 62% used [0x00000000e7600000,0x00000000e81e12f8,0x00000000e8900000)
  to   space 19456K, 0% used [0x00000000e9f80000,0x00000000e9f80000,0x00000000eb280000)
 ParOldGen       total 69120K, used 39974K [0x00000000a0000000, 0x00000000a4380000, 0x00000000e0000000)
  object space 69120K, 57% used [0x00000000a0000000,0x00000000a27099a0,0x00000000a4380000)
 Metaspace       used 57316K, capacity 58974K, committed 59028K, reserved 1099776K
  class space    used 7845K, capacity 8319K, committed 8320K, reserved 1048576K
Event: 27.779 GC heap after
Heap after GC invocations=16 (full 3):
 PSYoungGen      total 140288K, used 0K [0x00000000e0000000, 0x00000000eb280000, 0x0000000100000000)
  eden space 120832K, 0% used [0x00000000e0000000,0x00000000e0000000,0x00000000e7600000)
  from space 19456K, 0% used [0x00000000e7600000,0x00000000e7600000,0x00000000e8900000)
  to   space 19456K, 0% used [0x00000000e9f80000,0x00000000e9f80000,0x00000000eb280000)
 ParOldGen       total 117760K, used 40508K [0x00000000a0000000, 0x00000000a7300000, 0x00000000e0000000)
  object space 117760K, 34% used [0x00000000a0000000,0x00000000a278f0d0,0x00000000a7300000)
 Metaspace       used 57316K, capacity 58974K, committed 59028K, reserved 1099776K
  class space    used 7845K, capacity 8319K, committed 8320K, reserved 1048576K
}
Event: 33.649 GC heap before
{Heap before GC invocations=17 (full 3):
 PSYoungGen      total 140288K, used 120832K [0x00000000e0000000, 0x00000000eb280000, 0x0000000100000000)
  eden space 120832K, 100% used [0x00000000e0000000,0x00000000e7600000,0x00000000e7600000)
  from space 19456K, 0% used [0x00000000e7600000,0x00000000e7600000,0x00000000e8900000)
  to   space 19456K, 0% used [0x00000000e9f80000,0x00000000e9f80000,0x00000000eb280000)
 ParOldGen       total 117760K, used 40508K [0x00000000a0000000, 0x00000000a7300000, 0x00000000e0000000)
  object space 117760K, 34% used [0x00000000a0000000,0x00000000a278f0d0,0x00000000a7300000)
 Metaspace       used 64033K, capacity 66964K, committed 67160K, reserved 1107968K
  class space    used 8670K, capacity 9556K, committed 9600K, reserved 1048576K
Event: 33.774 GC heap after
Heap after GC invocations=17 (full 3):
 PSYoungGen      total 159744K, used 19435K [0x00000000e0000000, 0x00000000eb900000, 0x0000000100000000)
  eden space 140288K, 0% used [0x00000000e0000000,0x00000000e0000000,0x00000000e8900000)
  from space 19456K, 99% used [0x00000000e9f80000,0x00000000eb27adb0,0x00000000eb280000)
  to   space 23040K, 0% used [0x00000000e8900000,0x00000000e8900000,0x00000000e9f80000)
 ParOldGen       total 117760K, used 41412K [0x00000000a0000000, 0x00000000a7300000, 0x00000000e0000000)
  object space 117760K, 35% used [0x00000000a0000000,0x00000000a28712d8,0x00000000a7300000)
 Metaspace       used 64033K, capacity 66964K, committed 67160K, reserved 1107968K
  class space    used 8670K, capacity 9556K, committed 9600K, reserved 1048576K
}

