# JRE version: OpenJDK Runtime Environment (8.0_202-b03) (build 1.8.0_202-release-1483-b03)
# Java VM: OpenJDK 64-Bit Server VM (25.202-b03 mixed mode windows-amd64 compressed oops)
Heap:
 PSYoungGen      total 324608K, used 245279K [0x00000000e0000000, 0x00000000f7400000, 0x0000000100000000)
  eden space 273408K, 88% used [0x00000000e0000000,0x00000000eebb0a48,0x00000000f0b00000)
  from space 51200K, 7% used [0x00000000f4200000,0x00000000f45d7560,0x00000000f7400000)
  to   space 53760K, 0% used [0x00000000f0b00000,0x00000000f0b00000,0x00000000f3f80000)
 ParOldGen       total 224768K, used 124120K [0x00000000a0000000, 0x00000000adb80000, 0x00000000e0000000)
  object space 224768K, 55% used [0x00000000a0000000,0x00000000a79361d0,0x00000000adb80000)
 Metaspace       used 92372K, capacity 99530K, committed 100312K, reserved 1134592K
  class space    used 11969K, capacity 13981K, committed 14336K, reserved 1048576K
GC Heap History (10 events):
Event: 1433.483 GC heap before
{Heap before GC invocations=33 (full 4):
 PSYoungGen      total 231424K, used 231394K [0x00000000e0000000, 0x00000000f3400000, 0x0000000100000000)
  eden space 188928K, 100% used [0x00000000e0000000,0x00000000eb880000,0x00000000eb880000)
  from space 42496K, 99% used [0x00000000eeb00000,0x00000000f1478b38,0x00000000f1480000)
  to   space 51712K, 0% used [0x00000000eb880000,0x00000000eb880000,0x00000000eeb00000)
 ParOldGen       total 144384K, used 67224K [0x00000000a0000000, 0x00000000a8d00000, 0x00000000e0000000)
  object space 144384K, 46% used [0x00000000a0000000,0x00000000a41a6128,0x00000000a8d00000)
 Metaspace       used 90202K, capacity 97922K, committed 98008K, reserved 1132544K
  class space    used 11851K, capacity 14034K, committed 14080K, reserved 1048576K
Event: 1434.317 GC heap after
Heap after GC invocations=33 (full 4):
 PSYoungGen      total 240640K, used 40226K [0x00000000e0000000, 0x00000000f4c80000, 0x0000000100000000)
  eden space 188928K, 0% used [0x00000000e0000000,0x00000000e0000000,0x00000000eb880000)
  from space 51712K, 77% used [0x00000000eb880000,0x00000000edfc8b38,0x00000000eeb00000)
  to   space 55808K, 0% used [0x00000000f1600000,0x00000000f1600000,0x00000000f4c80000)
 ParOldGen       total 144384K, used 93411K [0x00000000a0000000, 0x00000000a8d00000, 0x00000000e0000000)
  object space 144384K, 64% used [0x00000000a0000000,0x00000000a5b38da0,0x00000000a8d00000)
 Metaspace       used 90202K, capacity 97922K, committed 98008K, reserved 1132544K
  class space    used 11851K, capacity 14034K, committed 14080K, reserved 1048576K
}
Event: 1441.816 GC heap before
{Heap before GC invocations=34 (full 4):
 PSYoungGen      total 240640K, used 229154K [0x00000000e0000000, 0x00000000f4c80000, 0x0000000100000000)
  eden space 188928K, 100% used [0x00000000e0000000,0x00000000eb880000,0x00000000eb880000)
  from space 51712K, 77% used [0x00000000eb880000,0x00000000edfc8b38,0x00000000eeb00000)
  to   space 55808K, 0% used [0x00000000f1600000,0x00000000f1600000,0x00000000f4c80000)
 ParOldGen       total 144384K, used 93411K [0x00000000a0000000, 0x00000000a8d00000, 0x00000000e0000000)
  object space 144384K, 64% used [0x00000000a0000000,0x00000000a5b38da0,0x00000000a8d00000)
 Metaspace       used 91589K, capacity 99718K, committed 99800K, reserved 1134592K
  class space    used 12037K, capacity 14262K, committed 14336K, reserved 1048576K
Event: 1442.127 GC heap after
Heap after GC invocations=34 (full 4):
 PSYoungGen      total 280576K, used 27940K [0x00000000e0000000, 0x00000000f4980000, 0x0000000100000000)
  eden space 227840K, 0% used [0x00000000e0000000,0x00000000e0000000,0x00000000ede80000)
  from space 52736K, 52% used [0x00000000f1600000,0x00000000f31491a0,0x00000000f4980000)
  to   space 54784K, 0% used [0x00000000ede80000,0x00000000ede80000,0x00000000f1400000)
 ParOldGen       total 144384K, used 132145K [0x00000000a0000000, 0x00000000a8d00000, 0x00000000e0000000)
  object space 144384K, 91% used [0x00000000a0000000,0x00000000a810c568,0x00000000a8d00000)
 Metaspace       used 91589K, capacity 99718K, committed 99800K, reserved 1134592K
  class space    used 12037K, capacity 14262K, committed 14336K, reserved 1048576K
}
Event: 1442.127 GC heap before
{Heap before GC invocations=35 (full 5):
 PSYoungGen      total 280576K, used 27940K [0x00000000e0000000, 0x00000000f4980000, 0x0000000100000000)
  eden space 227840K, 0% used [0x00000000e0000000,0x00000000e0000000,0x00000000ede80000)
  from space 52736K, 52% used [0x00000000f1600000,0x00000000f31491a0,0x00000000f4980000)
  to   space 54784K, 0% used [0x00000000ede80000,0x00000000ede80000,0x00000000f1400000)
 ParOldGen       total 144384K, used 132145K [0x00000000a0000000, 0x00000000a8d00000, 0x00000000e0000000)
  object space 144384K, 91% used [0x00000000a0000000,0x00000000a810c568,0x00000000a8d00000)
 Metaspace       used 91589K, capacity 99718K, committed 99800K, reserved 1134592K
  class space    used 12037K, capacity 14262K, committed 14336K, reserved 1048576K
Event: 1445.661 GC heap after
Heap after GC invocations=35 (full 5):
 PSYoungGen      total 280576K, used 0K [0x00000000e0000000, 0x00000000f4980000, 0x0000000100000000)
  eden space 227840K, 0% used [0x00000000e0000000,0x00000000e0000000,0x00000000ede80000)
  from space 52736K, 0% used [0x00000000f1600000,0x00000000f1600000,0x00000000f4980000)
  to   space 54784K, 0% used [0x00000000ede80000,0x00000000ede80000,0x00000000f1400000)
 ParOldGen       total 224768K, used 120448K [0x00000000a0000000, 0x00000000adb80000, 0x00000000e0000000)
  object space 224768K, 53% used [0x00000000a0000000,0x00000000a75a02e8,0x00000000adb80000)
 Metaspace       used 90999K, capacity 98124K, committed 99800K, reserved 1134592K
  class space    used 11864K, capacity 13880K, committed 14336K, reserved 1048576K
}
Event: 1449.636 GC heap before
{Heap before GC invocations=36 (full 5):
 PSYoungGen      total 280576K, used 227840K [0x00000000e0000000, 0x00000000f4980000, 0x0000000100000000)
  eden space 227840K, 100% used [0x00000000e0000000,0x00000000ede80000,0x00000000ede80000)
  from space 52736K, 0% used [0x00000000f1600000,0x00000000f1600000,0x00000000f4980000)
  to   space 54784K, 0% used [0x00000000ede80000,0x00000000ede80000,0x00000000f1400000)
 ParOldGen       total 224768K, used 120448K [0x00000000a0000000, 0x00000000adb80000, 0x00000000e0000000)
  object space 224768K, 53% used [0x00000000a0000000,0x00000000a75a02e8,0x00000000adb80000)
 Metaspace       used 92157K, capacity 99358K, committed 100056K, reserved 1134592K
  class space    used 11955K, capacity 13947K, committed 14336K, reserved 1048576K
Event: 1449.796 GC heap after
Heap after GC invocations=36 (full 5):
 PSYoungGen      total 282624K, used 8821K [0x00000000e0000000, 0x00000000f7680000, 0x0000000100000000)
  eden space 227840K, 0% used [0x00000000e0000000,0x00000000e0000000,0x00000000ede80000)
  from space 54784K, 16% used [0x00000000ede80000,0x00000000ee71d6d0,0x00000000f1400000)
  to   space 53760K, 0% used [0x00000000f4200000,0x00000000f4200000,0x00000000f7680000)
 ParOldGen       total 224768K, used 120456K [0x00000000a0000000, 0x00000000adb80000, 0x00000000e0000000)
  object space 224768K, 53% used [0x00000000a0000000,0x00000000a75a22e8,0x00000000adb80000)
 Metaspace       used 92157K, capacity 99358K, committed 100056K, reserved 1134592K
  class space    used 11955K, capacity 13947K, committed 14336K, reserved 1048576K
}
Event: 1451.660 GC heap before
{Heap before GC invocations=37 (full 5):
 PSYoungGen      total 282624K, used 236661K [0x00000000e0000000, 0x00000000f7680000, 0x0000000100000000)
  eden space 227840K, 100% used [0x00000000e0000000,0x00000000ede80000,0x00000000ede80000)
  from space 54784K, 16% used [0x00000000ede80000,0x00000000ee71d6d0,0x00000000f1400000)
  to   space 53760K, 0% used [0x00000000f4200000,0x00000000f4200000,0x00000000f7680000)
 ParOldGen       total 224768K, used 120456K [0x00000000a0000000, 0x00000000adb80000, 0x00000000e0000000)
  object space 224768K, 53% used [0x00000000a0000000,0x00000000a75a22e8,0x00000000adb80000)
 Metaspace       used 92222K, capacity 99370K, committed 100056K, reserved 1134592K
  class space    used 11956K, capacity 13949K, committed 14336K, reserved 1048576K
Event: 1451.689 GC heap after
Heap after GC invocations=37 (full 5):
 PSYoungGen      total 324608K, used 3933K [0x00000000e0000000, 0x00000000f7400000, 0x0000000100000000)
  eden space 273408K, 0% used [0x00000000e0000000,0x00000000e0000000,0x00000000f0b00000)
  from space 51200K, 7% used [0x00000000f4200000,0x00000000f45d7560,0x00000000f7400000)
  to   space 53760K, 0% used [0x00000000f0b00000,0x00000000f0b00000,0x00000000f3f80000)
 ParOldGen       total 224768K, used 124120K [0x00000000a0000000, 0x00000000adb80000, 0x00000000e0000000)
  object space 224768K, 55% used [0x00000000a0000000,0x00000000a79361d0,0x00000000adb80000)
 Metaspace       used 92222K, capacity 99370K, committed 100056K, reserved 1134592K
  class space    used 11956K, capacity 13949K, committed 14336K, reserved 1048576K
}

